Processing 600 320 320
Processing 600 960 320
Processing 300 640 320
Processing 400 320 320
Processing 400 960 320
Processing 100 320 640
Processing 200 0 320
Processing 100 320 320
Processing 100 960 320
Processing 500 0 320
Processing 400 640 320
Processing 200 320 640
Processing 500 320 320
Processing 100 640 320
Processing 200 320 320
Processing 0 0 320
Processing 300 320 640
Processing 0 640 320
Processing 500 960 320
Processing 600 0 320
Processing 200 960 320
Processing 500 640 320
Processing 600 640 320
Processing 300 320 320
Processing 200 640 320
Processing 0 320 320
Processing 400 320 640
Processing 200 640 640
Processing 300 960 320
Processing 0 960 320
Processing 600 0 640
Processing 300 0 320
Processing 500 320 640
Processing 100 0 320
Processing 0 320 640
Processing 300 640 640
Processing 500 640 640
Processing 100 0 640
Processing 600 320 640
Processing 300 960 640
Processing 100 960 640
Processing 200 320 0
Processing 400 0 640
Processing 400 640 640
Processing 200 0 640
Processing 100 640 640
Processing 400 960 640
Processing 400 0 320
Processing 300 0 640
Processing 0 640 640
Processing 500 320 0
Processing 200 960 640
Processing 600 640 640
Processing 500 0 640
Processing 300 320 0
Processing 400 640 0
Processing 500 960 640
Processing 0 960 640
Processing 0 320 0
Processing 600 960 640
Processing 300 0 0
Processing 100 640 0
Processing 400 320 0
Processing 600 640 0
Processing 100 320 0
Processing 600 320 0
Processing 100 320 960
Processing 0 0 0
Processing 0 0 640
Processing 400 320 960
Processing 200 320 960
Processing 600 320 960
Processing 600 0 0
Processing 400 0 0
Processing 500 320 960
Processing 300 320 960
Processing 200 960 0
Processing 200 640 0
Processing 0 320 960
Processing 500 960 0
Processing 300 640 960
Processing 500 640 0
Processing 100 0 0
Processing 100 640 960
Processing 400 640 960
Processing 0 640 960
Processing 500 0 0
Processing 600 640 960
Processing 0 640 0
Processing 500 640 960
Processing 200 640 960
Processing 200 0 960
Processing 100 0 960
Processing 500 0 960
Processing 100 960 960
Processing 300 960 0
Processing 400 960 960
Processing 300 0 960
Processing 600 960 960
Processing 300 640 0
Processing 0 960 0
Processing 200 960 960
Processing 0 0 960
Processing 400 0 960
Processing 500 960 960
Processing 600 0 960
Processing 600 960 0
Processing 300 960 960
Processing 100 960 0
Processing 0 960 960
Processing 400 960 0
Processing 200 0 0
